<?xml version="1.0" encoding="UTF-8" ?>
<testsuite tests="7" failures="0" name="com.jujutsu.tsne.MatrixOpTest" time="114.77" errors="0" skipped="0">
  <properties>
[...]
</properties>
  <testcase classname="com.jujutsu.tsne.MatrixOpTest" name="timeScalarMultNist" time="42.799"/>
  <testcase classname="com.jujutsu.tsne.MatrixOpTest" name="testPCA" time="0.068"/>
  <testcase classname="com.jujutsu.tsne.MatrixOpTest" name="testExtractRowFromFlatLast" time="0"/>
  <testcase classname="com.jujutsu.tsne.MatrixOpTest" name="timeTransposesNist" time="65.445"/>
  <testcase classname="com.jujutsu.tsne.MatrixOpTest" name="testExtractRowFromFlatFirst" time="0.001"/>
  <testcase classname="com.jujutsu.tsne.MatrixOpTest" name="testTimeManyTransposes" time="6.457"/>
  <testcase classname="com.jujutsu.tsne.MatrixOpTest" name="testExtractRowFromFlatMidRange" time="0"/>
</testsuite>